<?xml version="1.0" encoding="UTF-8"?>
<!-- Generated by org.testng.reporters.JUnitReportReporter -->
<testsuite hostname="DESKTOP-QJIVS98" failures="0" tests="2" name="com.basic.capstone.AadharAdmin" time="17.492" errors="0" timestamp="2022-10-14T10:56:43 IST" skipped="0">
  <testcase classname="com.basic.capstone.AadharAdmin" name="TestHome" time="14.724"/>
  <system-out/>
  <testcase classname="com.basic.capstone.AadharAdmin" name="ChromeBrowser" time="2.768"/>
  <system-out/>
</testsuite> <!-- com.basic.capstone.AadharAdmin -->
