<?xml version="1.0" encoding="UTF-8"?>
<!-- Generated by org.testng.reporters.JUnitReportReporter -->
<testsuite hostname="DESKTOP-QJIVS98" failures="0" tests="2" name="com.basic.capstone.AadharCitizen" time="14.637" errors="0" timestamp="2022-10-14T11:18:22 IST" skipped="0">
  <testcase classname="com.basic.capstone.AadharCitizen" name="ChromeBrowser" time="2.604"/>
  <system-out/>
  <testcase classname="com.basic.capstone.AadharCitizen" name="CitizenCheck" time="12.033"/>
  <system-out/>
</testsuite> <!-- com.basic.capstone.AadharCitizen -->
