<?xml version="1.0" encoding="UTF-8"?>
<!-- Generated by org.testng.reporters.JUnitReportReporter -->
<testsuite hostname="DESKTOP-QJIVS98" failures="0" tests="2" name="com.basic.capstone.AadharRegisteration" time="11.609" errors="0" timestamp="2022-10-14T11:19:48 IST" skipped="0">
  <testcase classname="com.basic.capstone.AadharRegisteration" name="ChromeBrowser" time="2.895"/>
  <system-out/>
  <testcase classname="com.basic.capstone.AadharRegisteration" name="TestHome" time="8.714"/>
  <system-out/>
</testsuite> <!-- com.basic.capstone.AadharRegisteration -->
